[2026-04-05T21:38:29.083+0000] {manager.py:470} INFO - Processing files using up to 2 processes at a time 
[2026-04-05T21:38:29.085+0000] {manager.py:471} INFO - Process each file at most once every 30 seconds
[2026-04-05T21:38:29.085+0000] {manager.py:472} INFO - Checking for new files in /opt/airflow/dags every 300 seconds
[2026-04-05T21:38:29.088+0000] {manager.py:737} INFO - Searching for files in /opt/airflow/dags
[2026-04-05T21:38:29.095+0000] {manager.py:740} INFO - There are 1 files in /opt/airflow/dags
[2026-04-05T21:38:29.281+0000] {manager.py:878} INFO - 
================================================================================
DAG File Processing Stats

File Path                                PID  Runtime      # DAGs    # Errors  Last Runtime    Last Run
-------------------------------------  -----  ---------  --------  ----------  --------------  ----------
/opt/airflow/dags/nhs_pipeline_dag.py    164  0.03s             0           0
================================================================================
[2026-04-05T21:38:59.837+0000] {manager.py:878} INFO - 
================================================================================
DAG File Processing Stats

File Path                                PID  Runtime      # DAGs    # Errors  Last Runtime    Last Run
-------------------------------------  -----  ---------  --------  ----------  --------------  -------------------
/opt/airflow/dags/nhs_pipeline_dag.py    169  0.02s             1           0  0.37s           2026-04-05T21:38:29
================================================================================
[2026-04-05T21:39:30.350+0000] {manager.py:878} INFO - 
================================================================================
DAG File Processing Stats

File Path                                PID  Runtime      # DAGs    # Errors  Last Runtime    Last Run
-------------------------------------  -----  ---------  --------  ----------  --------------  -------------------
/opt/airflow/dags/nhs_pipeline_dag.py    174  0.01s             1           0  0.35s           2026-04-05T21:39:00
================================================================================
[2026-04-05T21:40:00.864+0000] {manager.py:878} INFO - 
================================================================================
DAG File Processing Stats

File Path                                PID  Runtime      # DAGs    # Errors  Last Runtime    Last Run
-------------------------------------  -----  ---------  --------  ----------  --------------  -------------------
/opt/airflow/dags/nhs_pipeline_dag.py    179  0.01s             1           0  0.14s           2026-04-05T21:39:30
================================================================================
[2026-04-05T21:40:31.209+0000] {manager.py:878} INFO - 
================================================================================
DAG File Processing Stats

File Path                                PID  Runtime      # DAGs    # Errors  Last Runtime    Last Run
-------------------------------------  -----  ---------  --------  ----------  --------------  -------------------
/opt/airflow/dags/nhs_pipeline_dag.py    184  0.01s             1           0  0.16s           2026-04-05T21:40:01
================================================================================
[2026-04-05T21:41:01.624+0000] {manager.py:878} INFO - 
================================================================================
DAG File Processing Stats

File Path                                PID  Runtime      # DAGs    # Errors  Last Runtime    Last Run
-------------------------------------  -----  ---------  --------  ----------  --------------  -------------------
/opt/airflow/dags/nhs_pipeline_dag.py    198  0.00s             1           0  0.14s           2026-04-05T21:40:31
================================================================================
[2026-04-05T21:41:31.826+0000] {manager.py:878} INFO - 
================================================================================
DAG File Processing Stats

File Path                                PID  Runtime      # DAGs    # Errors  Last Runtime    Last Run
-------------------------------------  -----  ---------  --------  ----------  --------------  -------------------
/opt/airflow/dags/nhs_pipeline_dag.py    203  0.01s             1           0  0.11s           2026-04-05T21:41:01
================================================================================
[2026-04-05T21:42:02.451+0000] {manager.py:878} INFO - 
================================================================================
DAG File Processing Stats

File Path                                PID  Runtime      # DAGs    # Errors  Last Runtime    Last Run
-------------------------------------  -----  ---------  --------  ----------  --------------  -------------------
/opt/airflow/dags/nhs_pipeline_dag.py    211  0.02s             1           0  0.18s           2026-04-05T21:41:31
================================================================================
[2026-04-05T21:42:32.969+0000] {manager.py:878} INFO - 
================================================================================
DAG File Processing Stats

File Path                              PID    Runtime      # DAGs    # Errors  Last Runtime    Last Run
-------------------------------------  -----  ---------  --------  ----------  --------------  -------------------
/opt/airflow/dags/nhs_pipeline_dag.py                           1           0  0.64s           2026-04-05T21:42:03
================================================================================
[2026-04-05T21:43:03.827+0000] {manager.py:878} INFO - 
================================================================================
DAG File Processing Stats

File Path                                PID  Runtime      # DAGs    # Errors  Last Runtime    Last Run
-------------------------------------  -----  ---------  --------  ----------  --------------  -------------------
/opt/airflow/dags/nhs_pipeline_dag.py    221  0.07s             1           0  0.13s           2026-04-05T21:42:33
================================================================================
[2026-04-05T21:43:29.115+0000] {manager.py:737} INFO - Searching for files in /opt/airflow/dags
[2026-04-05T21:43:29.125+0000] {manager.py:740} INFO - There are 1 files in /opt/airflow/dags
[2026-04-05T21:43:34.176+0000] {manager.py:878} INFO - 
================================================================================
DAG File Processing Stats

File Path                              PID    Runtime      # DAGs    # Errors  Last Runtime    Last Run
-------------------------------------  -----  ---------  --------  ----------  --------------  -------------------
/opt/airflow/dags/nhs_pipeline_dag.py                           1           0  0.52s           2026-04-05T21:43:04
================================================================================
[2026-04-05T21:44:05.079+0000] {manager.py:878} INFO - 
================================================================================
DAG File Processing Stats

File Path                                PID  Runtime      # DAGs    # Errors  Last Runtime    Last Run
-------------------------------------  -----  ---------  --------  ----------  --------------  -------------------
/opt/airflow/dags/nhs_pipeline_dag.py    231  0.01s             1           0  0.13s           2026-04-05T21:43:34
================================================================================
[2026-04-05T21:44:35.095+0000] {manager.py:878} INFO - 
================================================================================
DAG File Processing Stats

File Path                              PID    Runtime      # DAGs    # Errors  Last Runtime    Last Run
-------------------------------------  -----  ---------  --------  ----------  --------------  -------------------
/opt/airflow/dags/nhs_pipeline_dag.py                           1           0  0.20s           2026-04-05T21:44:05
================================================================================
[2026-04-05T21:45:05.624+0000] {manager.py:878} INFO - 
================================================================================
DAG File Processing Stats

File Path                              PID    Runtime      # DAGs    # Errors  Last Runtime    Last Run
-------------------------------------  -----  ---------  --------  ----------  --------------  -------------------
/opt/airflow/dags/nhs_pipeline_dag.py                           1           0  0.10s           2026-04-05T21:44:36
================================================================================
[2026-04-05T21:45:36.433+0000] {manager.py:878} INFO - 
================================================================================
DAG File Processing Stats

File Path                              PID    Runtime      # DAGs    # Errors  Last Runtime    Last Run
-------------------------------------  -----  ---------  --------  ----------  --------------  -------------------
/opt/airflow/dags/nhs_pipeline_dag.py                           1           0  0.13s           2026-04-05T21:45:06
================================================================================
[2026-04-05T21:46:07.267+0000] {manager.py:878} INFO - 
================================================================================
DAG File Processing Stats

File Path                              PID    Runtime      # DAGs    # Errors  Last Runtime    Last Run
-------------------------------------  -----  ---------  --------  ----------  --------------  -------------------
/opt/airflow/dags/nhs_pipeline_dag.py                           1           0  0.19s           2026-04-05T21:45:37
================================================================================
[2026-04-05T21:46:37.813+0000] {manager.py:878} INFO - 
================================================================================
DAG File Processing Stats

File Path                              PID    Runtime      # DAGs    # Errors  Last Runtime    Last Run
-------------------------------------  -----  ---------  --------  ----------  --------------  -------------------
/opt/airflow/dags/nhs_pipeline_dag.py                           1           0  0.24s           2026-04-05T21:46:08
================================================================================
[2026-04-05T21:47:08.663+0000] {manager.py:878} INFO - 
================================================================================
DAG File Processing Stats

File Path                              PID    Runtime      # DAGs    # Errors  Last Runtime    Last Run
-------------------------------------  -----  ---------  --------  ----------  --------------  -------------------
/opt/airflow/dags/nhs_pipeline_dag.py                           1           0  0.15s           2026-04-05T21:46:38
================================================================================
[2026-04-05T21:47:39.352+0000] {manager.py:878} INFO - 
================================================================================
DAG File Processing Stats

File Path                              PID    Runtime      # DAGs    # Errors  Last Runtime    Last Run
-------------------------------------  -----  ---------  --------  ----------  --------------  -------------------
/opt/airflow/dags/nhs_pipeline_dag.py                           1           0  0.24s           2026-04-05T21:47:09
================================================================================
[2026-04-05T21:48:09.525+0000] {manager.py:878} INFO - 
================================================================================
DAG File Processing Stats

File Path                              PID    Runtime      # DAGs    # Errors  Last Runtime    Last Run
-------------------------------------  -----  ---------  --------  ----------  --------------  -------------------
/opt/airflow/dags/nhs_pipeline_dag.py                           1           0  0.59s           2026-04-05T21:47:40
================================================================================
