[2026-04-05T21:38:29.270+0000] {processor.py:161} INFO - Started process (PID=164) to work on /opt/airflow/dags/nhs_pipeline_dag.py
[2026-04-05T21:38:29.270+0000] {processor.py:830} INFO - Processing file /opt/airflow/dags/nhs_pipeline_dag.py for tasks to queue
[2026-04-05T21:38:29.271+0000] {logging_mixin.py:188} INFO - [2026-04-05T21:38:29.271+0000] {dagbag.py:545} INFO - Filling up the DagBag from /opt/airflow/dags/nhs_pipeline_dag.py
[2026-04-05T21:38:29.325+0000] {processor.py:840} INFO - DAG(s) 'nhs_waitinglist_pipeline' retrieved from /opt/airflow/dags/nhs_pipeline_dag.py
[2026-04-05T21:38:29.536+0000] {logging_mixin.py:188} INFO - [2026-04-05T21:38:29.535+0000] {override.py:1829} INFO - Created Permission View: can delete on DAG:nhs_waitinglist_pipeline
[2026-04-05T21:38:29.539+0000] {logging_mixin.py:188} INFO - [2026-04-05T21:38:29.539+0000] {override.py:1829} INFO - Created Permission View: can read on DAG:nhs_waitinglist_pipeline
[2026-04-05T21:38:29.543+0000] {logging_mixin.py:188} INFO - [2026-04-05T21:38:29.543+0000] {override.py:1829} INFO - Created Permission View: can edit on DAG:nhs_waitinglist_pipeline
[2026-04-05T21:38:29.544+0000] {logging_mixin.py:188} INFO - [2026-04-05T21:38:29.544+0000] {dag.py:3096} INFO - Sync 1 DAGs
[2026-04-05T21:38:29.555+0000] {logging_mixin.py:188} INFO - [2026-04-05T21:38:29.555+0000] {dag.py:3118} INFO - Creating ORM DAG for nhs_waitinglist_pipeline
[2026-04-05T21:38:29.570+0000] {logging_mixin.py:188} INFO - [2026-04-05T21:38:29.570+0000] {dag.py:3954} INFO - Setting next_dagrun for nhs_waitinglist_pipeline to 2026-03-01 06:00:00+00:00, run_after=2026-04-01 06:00:00+00:00
[2026-04-05T21:38:29.604+0000] {processor.py:183} INFO - Processing /opt/airflow/dags/nhs_pipeline_dag.py took 0.338 seconds
[2026-04-05T21:38:59.861+0000] {processor.py:161} INFO - Started process (PID=169) to work on /opt/airflow/dags/nhs_pipeline_dag.py
[2026-04-05T21:38:59.862+0000] {processor.py:830} INFO - Processing file /opt/airflow/dags/nhs_pipeline_dag.py for tasks to queue
[2026-04-05T21:38:59.867+0000] {logging_mixin.py:188} INFO - [2026-04-05T21:38:59.866+0000] {dagbag.py:545} INFO - Filling up the DagBag from /opt/airflow/dags/nhs_pipeline_dag.py
[2026-04-05T21:38:59.900+0000] {processor.py:840} INFO - DAG(s) 'nhs_waitinglist_pipeline' retrieved from /opt/airflow/dags/nhs_pipeline_dag.py
[2026-04-05T21:39:00.027+0000] {logging_mixin.py:188} INFO - [2026-04-05T21:39:00.027+0000] {dag.py:3096} INFO - Sync 1 DAGs
[2026-04-05T21:39:00.093+0000] {logging_mixin.py:188} INFO - [2026-04-05T21:39:00.091+0000] {dag.py:3954} INFO - Setting next_dagrun for nhs_waitinglist_pipeline to 2026-03-01 06:00:00+00:00, run_after=2026-04-01 06:00:00+00:00
[2026-04-05T21:39:00.154+0000] {processor.py:183} INFO - Processing /opt/airflow/dags/nhs_pipeline_dag.py took 0.304 seconds
[2026-04-05T21:39:30.370+0000] {processor.py:161} INFO - Started process (PID=174) to work on /opt/airflow/dags/nhs_pipeline_dag.py
[2026-04-05T21:39:30.373+0000] {processor.py:830} INFO - Processing file /opt/airflow/dags/nhs_pipeline_dag.py for tasks to queue
[2026-04-05T21:39:30.376+0000] {logging_mixin.py:188} INFO - [2026-04-05T21:39:30.376+0000] {dagbag.py:545} INFO - Filling up the DagBag from /opt/airflow/dags/nhs_pipeline_dag.py
[2026-04-05T21:39:30.408+0000] {processor.py:840} INFO - DAG(s) 'nhs_waitinglist_pipeline' retrieved from /opt/airflow/dags/nhs_pipeline_dag.py
[2026-04-05T21:39:30.439+0000] {logging_mixin.py:188} INFO - [2026-04-05T21:39:30.439+0000] {dag.py:3096} INFO - Sync 1 DAGs
[2026-04-05T21:39:30.456+0000] {logging_mixin.py:188} INFO - [2026-04-05T21:39:30.455+0000] {dag.py:3954} INFO - Setting next_dagrun for nhs_waitinglist_pipeline to 2026-03-01 06:00:00+00:00, run_after=2026-04-01 06:00:00+00:00
[2026-04-05T21:39:30.470+0000] {processor.py:183} INFO - Processing /opt/airflow/dags/nhs_pipeline_dag.py took 0.112 seconds
[2026-04-05T21:40:00.885+0000] {processor.py:161} INFO - Started process (PID=179) to work on /opt/airflow/dags/nhs_pipeline_dag.py
[2026-04-05T21:40:00.886+0000] {processor.py:830} INFO - Processing file /opt/airflow/dags/nhs_pipeline_dag.py for tasks to queue
[2026-04-05T21:40:00.888+0000] {logging_mixin.py:188} INFO - [2026-04-05T21:40:00.888+0000] {dagbag.py:545} INFO - Filling up the DagBag from /opt/airflow/dags/nhs_pipeline_dag.py
[2026-04-05T21:40:00.924+0000] {processor.py:840} INFO - DAG(s) 'nhs_waitinglist_pipeline' retrieved from /opt/airflow/dags/nhs_pipeline_dag.py
[2026-04-05T21:40:00.973+0000] {logging_mixin.py:188} INFO - [2026-04-05T21:40:00.972+0000] {dag.py:3096} INFO - Sync 1 DAGs
[2026-04-05T21:40:00.994+0000] {logging_mixin.py:188} INFO - [2026-04-05T21:40:00.994+0000] {dag.py:3954} INFO - Setting next_dagrun for nhs_waitinglist_pipeline to 2026-03-01 06:00:00+00:00, run_after=2026-04-01 06:00:00+00:00
[2026-04-05T21:40:01.004+0000] {processor.py:183} INFO - Processing /opt/airflow/dags/nhs_pipeline_dag.py took 0.127 seconds
[2026-04-05T21:40:31.231+0000] {processor.py:161} INFO - Started process (PID=184) to work on /opt/airflow/dags/nhs_pipeline_dag.py
[2026-04-05T21:40:31.233+0000] {processor.py:830} INFO - Processing file /opt/airflow/dags/nhs_pipeline_dag.py for tasks to queue
[2026-04-05T21:40:31.235+0000] {logging_mixin.py:188} INFO - [2026-04-05T21:40:31.235+0000] {dagbag.py:545} INFO - Filling up the DagBag from /opt/airflow/dags/nhs_pipeline_dag.py
[2026-04-05T21:40:31.260+0000] {processor.py:840} INFO - DAG(s) 'nhs_waitinglist_pipeline' retrieved from /opt/airflow/dags/nhs_pipeline_dag.py
[2026-04-05T21:40:31.299+0000] {logging_mixin.py:188} INFO - [2026-04-05T21:40:31.299+0000] {dag.py:3096} INFO - Sync 1 DAGs
[2026-04-05T21:40:31.319+0000] {logging_mixin.py:188} INFO - [2026-04-05T21:40:31.318+0000] {dag.py:3954} INFO - Setting next_dagrun for nhs_waitinglist_pipeline to 2026-03-01 06:00:00+00:00, run_after=2026-04-01 06:00:00+00:00
[2026-04-05T21:40:31.331+0000] {processor.py:183} INFO - Processing /opt/airflow/dags/nhs_pipeline_dag.py took 0.110 seconds
[2026-04-05T21:41:01.638+0000] {processor.py:161} INFO - Started process (PID=198) to work on /opt/airflow/dags/nhs_pipeline_dag.py
[2026-04-05T21:41:01.639+0000] {processor.py:830} INFO - Processing file /opt/airflow/dags/nhs_pipeline_dag.py for tasks to queue
[2026-04-05T21:41:01.641+0000] {logging_mixin.py:188} INFO - [2026-04-05T21:41:01.641+0000] {dagbag.py:545} INFO - Filling up the DagBag from /opt/airflow/dags/nhs_pipeline_dag.py
[2026-04-05T21:41:01.665+0000] {processor.py:840} INFO - DAG(s) 'nhs_waitinglist_pipeline' retrieved from /opt/airflow/dags/nhs_pipeline_dag.py
[2026-04-05T21:41:01.702+0000] {logging_mixin.py:188} INFO - [2026-04-05T21:41:01.702+0000] {dag.py:3096} INFO - Sync 1 DAGs
[2026-04-05T21:41:01.713+0000] {logging_mixin.py:188} INFO - [2026-04-05T21:41:01.713+0000] {dag.py:3954} INFO - Setting next_dagrun for nhs_waitinglist_pipeline to 2026-04-01 06:00:00+00:00, run_after=2026-05-01 06:00:00+00:00
[2026-04-05T21:41:01.722+0000] {processor.py:183} INFO - Processing /opt/airflow/dags/nhs_pipeline_dag.py took 0.090 seconds
[2026-04-05T21:41:31.850+0000] {processor.py:161} INFO - Started process (PID=203) to work on /opt/airflow/dags/nhs_pipeline_dag.py
[2026-04-05T21:41:31.851+0000] {processor.py:830} INFO - Processing file /opt/airflow/dags/nhs_pipeline_dag.py for tasks to queue
[2026-04-05T21:41:31.854+0000] {logging_mixin.py:188} INFO - [2026-04-05T21:41:31.854+0000] {dagbag.py:545} INFO - Filling up the DagBag from /opt/airflow/dags/nhs_pipeline_dag.py
[2026-04-05T21:41:31.900+0000] {processor.py:840} INFO - DAG(s) 'nhs_waitinglist_pipeline' retrieved from /opt/airflow/dags/nhs_pipeline_dag.py
[2026-04-05T21:41:31.943+0000] {logging_mixin.py:188} INFO - [2026-04-05T21:41:31.943+0000] {dag.py:3096} INFO - Sync 1 DAGs
[2026-04-05T21:41:31.966+0000] {logging_mixin.py:188} INFO - [2026-04-05T21:41:31.965+0000] {dag.py:3954} INFO - Setting next_dagrun for nhs_waitinglist_pipeline to 2026-04-01 06:00:00+00:00, run_after=2026-05-01 06:00:00+00:00
[2026-04-05T21:41:31.986+0000] {processor.py:183} INFO - Processing /opt/airflow/dags/nhs_pipeline_dag.py took 0.146 seconds
[2026-04-05T21:42:02.482+0000] {processor.py:161} INFO - Started process (PID=211) to work on /opt/airflow/dags/nhs_pipeline_dag.py
[2026-04-05T21:42:02.486+0000] {processor.py:830} INFO - Processing file /opt/airflow/dags/nhs_pipeline_dag.py for tasks to queue
[2026-04-05T21:42:02.491+0000] {logging_mixin.py:188} INFO - [2026-04-05T21:42:02.490+0000] {dagbag.py:545} INFO - Filling up the DagBag from /opt/airflow/dags/nhs_pipeline_dag.py
[2026-04-05T21:42:02.578+0000] {processor.py:840} INFO - DAG(s) 'nhs_waitinglist_pipeline' retrieved from /opt/airflow/dags/nhs_pipeline_dag.py
[2026-04-05T21:42:02.831+0000] {logging_mixin.py:188} INFO - [2026-04-05T21:42:02.822+0000] {dag.py:3096} INFO - Sync 1 DAGs
[2026-04-05T21:42:02.946+0000] {logging_mixin.py:188} INFO - [2026-04-05T21:42:02.944+0000] {dag.py:3954} INFO - Setting next_dagrun for nhs_waitinglist_pipeline to 2026-04-01 06:00:00+00:00, run_after=2026-05-01 06:00:00+00:00
[2026-04-05T21:42:03.025+0000] {processor.py:183} INFO - Processing /opt/airflow/dags/nhs_pipeline_dag.py took 0.556 seconds
[2026-04-05T21:42:33.500+0000] {processor.py:161} INFO - Started process (PID=216) to work on /opt/airflow/dags/nhs_pipeline_dag.py
[2026-04-05T21:42:33.502+0000] {processor.py:830} INFO - Processing file /opt/airflow/dags/nhs_pipeline_dag.py for tasks to queue
[2026-04-05T21:42:33.505+0000] {logging_mixin.py:188} INFO - [2026-04-05T21:42:33.505+0000] {dagbag.py:545} INFO - Filling up the DagBag from /opt/airflow/dags/nhs_pipeline_dag.py
[2026-04-05T21:42:33.533+0000] {processor.py:840} INFO - DAG(s) 'nhs_waitinglist_pipeline' retrieved from /opt/airflow/dags/nhs_pipeline_dag.py
[2026-04-05T21:42:33.568+0000] {logging_mixin.py:188} INFO - [2026-04-05T21:42:33.568+0000] {dag.py:3096} INFO - Sync 1 DAGs
[2026-04-05T21:42:33.585+0000] {logging_mixin.py:188} INFO - [2026-04-05T21:42:33.585+0000] {dag.py:3954} INFO - Setting next_dagrun for nhs_waitinglist_pipeline to 2026-04-01 06:00:00+00:00, run_after=2026-05-01 06:00:00+00:00
[2026-04-05T21:42:33.599+0000] {processor.py:183} INFO - Processing /opt/airflow/dags/nhs_pipeline_dag.py took 0.108 seconds
[2026-04-05T21:43:03.900+0000] {processor.py:161} INFO - Started process (PID=221) to work on /opt/airflow/dags/nhs_pipeline_dag.py
[2026-04-05T21:43:03.905+0000] {processor.py:830} INFO - Processing file /opt/airflow/dags/nhs_pipeline_dag.py for tasks to queue
[2026-04-05T21:43:03.917+0000] {logging_mixin.py:188} INFO - [2026-04-05T21:43:03.915+0000] {dagbag.py:545} INFO - Filling up the DagBag from /opt/airflow/dags/nhs_pipeline_dag.py
[2026-04-05T21:43:04.132+0000] {processor.py:840} INFO - DAG(s) 'nhs_waitinglist_pipeline' retrieved from /opt/airflow/dags/nhs_pipeline_dag.py
[2026-04-05T21:43:04.219+0000] {logging_mixin.py:188} INFO - [2026-04-05T21:43:04.219+0000] {dag.py:3096} INFO - Sync 1 DAGs
[2026-04-05T21:43:04.243+0000] {logging_mixin.py:188} INFO - [2026-04-05T21:43:04.243+0000] {dag.py:3954} INFO - Setting next_dagrun for nhs_waitinglist_pipeline to 2026-04-01 06:00:00+00:00, run_after=2026-05-01 06:00:00+00:00
[2026-04-05T21:43:04.258+0000] {processor.py:183} INFO - Processing /opt/airflow/dags/nhs_pipeline_dag.py took 0.392 seconds
[2026-04-05T21:43:34.708+0000] {processor.py:161} INFO - Started process (PID=226) to work on /opt/airflow/dags/nhs_pipeline_dag.py
[2026-04-05T21:43:34.709+0000] {processor.py:830} INFO - Processing file /opt/airflow/dags/nhs_pipeline_dag.py for tasks to queue
[2026-04-05T21:43:34.712+0000] {logging_mixin.py:188} INFO - [2026-04-05T21:43:34.711+0000] {dagbag.py:545} INFO - Filling up the DagBag from /opt/airflow/dags/nhs_pipeline_dag.py
[2026-04-05T21:43:34.751+0000] {processor.py:840} INFO - DAG(s) 'nhs_waitinglist_pipeline' retrieved from /opt/airflow/dags/nhs_pipeline_dag.py
[2026-04-05T21:43:34.781+0000] {logging_mixin.py:188} INFO - [2026-04-05T21:43:34.781+0000] {dag.py:3096} INFO - Sync 1 DAGs
[2026-04-05T21:43:34.795+0000] {logging_mixin.py:188} INFO - [2026-04-05T21:43:34.794+0000] {dag.py:3954} INFO - Setting next_dagrun for nhs_waitinglist_pipeline to 2026-04-01 06:00:00+00:00, run_after=2026-05-01 06:00:00+00:00
[2026-04-05T21:43:34.807+0000] {processor.py:183} INFO - Processing /opt/airflow/dags/nhs_pipeline_dag.py took 0.109 seconds
[2026-04-05T21:44:05.102+0000] {processor.py:161} INFO - Started process (PID=231) to work on /opt/airflow/dags/nhs_pipeline_dag.py
[2026-04-05T21:44:05.103+0000] {processor.py:830} INFO - Processing file /opt/airflow/dags/nhs_pipeline_dag.py for tasks to queue
[2026-04-05T21:44:05.107+0000] {logging_mixin.py:188} INFO - [2026-04-05T21:44:05.105+0000] {dagbag.py:545} INFO - Filling up the DagBag from /opt/airflow/dags/nhs_pipeline_dag.py
[2026-04-05T21:44:05.135+0000] {processor.py:840} INFO - DAG(s) 'nhs_waitinglist_pipeline' retrieved from /opt/airflow/dags/nhs_pipeline_dag.py
[2026-04-05T21:44:05.193+0000] {logging_mixin.py:188} INFO - [2026-04-05T21:44:05.192+0000] {dag.py:3096} INFO - Sync 1 DAGs
[2026-04-05T21:44:05.218+0000] {logging_mixin.py:188} INFO - [2026-04-05T21:44:05.218+0000] {dag.py:3954} INFO - Setting next_dagrun for nhs_waitinglist_pipeline to 2026-04-01 06:00:00+00:00, run_after=2026-05-01 06:00:00+00:00
[2026-04-05T21:44:05.234+0000] {processor.py:183} INFO - Processing /opt/airflow/dags/nhs_pipeline_dag.py took 0.141 seconds
[2026-04-05T21:44:36.135+0000] {processor.py:161} INFO - Started process (PID=236) to work on /opt/airflow/dags/nhs_pipeline_dag.py
[2026-04-05T21:44:36.136+0000] {processor.py:830} INFO - Processing file /opt/airflow/dags/nhs_pipeline_dag.py for tasks to queue
[2026-04-05T21:44:36.137+0000] {logging_mixin.py:188} INFO - [2026-04-05T21:44:36.137+0000] {dagbag.py:545} INFO - Filling up the DagBag from /opt/airflow/dags/nhs_pipeline_dag.py
[2026-04-05T21:44:36.159+0000] {processor.py:840} INFO - DAG(s) 'nhs_waitinglist_pipeline' retrieved from /opt/airflow/dags/nhs_pipeline_dag.py
[2026-04-05T21:44:36.184+0000] {logging_mixin.py:188} INFO - [2026-04-05T21:44:36.184+0000] {dag.py:3096} INFO - Sync 1 DAGs
[2026-04-05T21:44:36.200+0000] {logging_mixin.py:188} INFO - [2026-04-05T21:44:36.200+0000] {dag.py:3954} INFO - Setting next_dagrun for nhs_waitinglist_pipeline to 2026-04-01 06:00:00+00:00, run_after=2026-05-01 06:00:00+00:00
[2026-04-05T21:44:36.210+0000] {processor.py:183} INFO - Processing /opt/airflow/dags/nhs_pipeline_dag.py took 0.081 seconds
[2026-04-05T21:45:06.669+0000] {processor.py:161} INFO - Started process (PID=241) to work on /opt/airflow/dags/nhs_pipeline_dag.py
[2026-04-05T21:45:06.670+0000] {processor.py:830} INFO - Processing file /opt/airflow/dags/nhs_pipeline_dag.py for tasks to queue
[2026-04-05T21:45:06.672+0000] {logging_mixin.py:188} INFO - [2026-04-05T21:45:06.672+0000] {dagbag.py:545} INFO - Filling up the DagBag from /opt/airflow/dags/nhs_pipeline_dag.py
[2026-04-05T21:45:06.698+0000] {processor.py:840} INFO - DAG(s) 'nhs_waitinglist_pipeline' retrieved from /opt/airflow/dags/nhs_pipeline_dag.py
[2026-04-05T21:45:06.741+0000] {logging_mixin.py:188} INFO - [2026-04-05T21:45:06.741+0000] {dag.py:3096} INFO - Sync 1 DAGs
[2026-04-05T21:45:06.758+0000] {logging_mixin.py:188} INFO - [2026-04-05T21:45:06.758+0000] {dag.py:3954} INFO - Setting next_dagrun for nhs_waitinglist_pipeline to 2026-04-01 06:00:00+00:00, run_after=2026-05-01 06:00:00+00:00
[2026-04-05T21:45:06.770+0000] {processor.py:183} INFO - Processing /opt/airflow/dags/nhs_pipeline_dag.py took 0.110 seconds
[2026-04-05T21:45:37.493+0000] {processor.py:161} INFO - Started process (PID=246) to work on /opt/airflow/dags/nhs_pipeline_dag.py
[2026-04-05T21:45:37.494+0000] {processor.py:830} INFO - Processing file /opt/airflow/dags/nhs_pipeline_dag.py for tasks to queue
[2026-04-05T21:45:37.497+0000] {logging_mixin.py:188} INFO - [2026-04-05T21:45:37.496+0000] {dagbag.py:545} INFO - Filling up the DagBag from /opt/airflow/dags/nhs_pipeline_dag.py
[2026-04-05T21:45:37.521+0000] {processor.py:840} INFO - DAG(s) 'nhs_waitinglist_pipeline' retrieved from /opt/airflow/dags/nhs_pipeline_dag.py
[2026-04-05T21:45:37.577+0000] {logging_mixin.py:188} INFO - [2026-04-05T21:45:37.576+0000] {dag.py:3096} INFO - Sync 1 DAGs
[2026-04-05T21:45:37.624+0000] {logging_mixin.py:188} INFO - [2026-04-05T21:45:37.624+0000] {dag.py:3954} INFO - Setting next_dagrun for nhs_waitinglist_pipeline to 2026-04-01 06:00:00+00:00, run_after=2026-05-01 06:00:00+00:00
[2026-04-05T21:45:37.646+0000] {processor.py:183} INFO - Processing /opt/airflow/dags/nhs_pipeline_dag.py took 0.164 seconds
[2026-04-05T21:46:08.377+0000] {processor.py:161} INFO - Started process (PID=260) to work on /opt/airflow/dags/nhs_pipeline_dag.py
[2026-04-05T21:46:08.382+0000] {processor.py:830} INFO - Processing file /opt/airflow/dags/nhs_pipeline_dag.py for tasks to queue
[2026-04-05T21:46:08.392+0000] {logging_mixin.py:188} INFO - [2026-04-05T21:46:08.390+0000] {dagbag.py:545} INFO - Filling up the DagBag from /opt/airflow/dags/nhs_pipeline_dag.py
[2026-04-05T21:46:08.445+0000] {processor.py:840} INFO - DAG(s) 'nhs_waitinglist_pipeline' retrieved from /opt/airflow/dags/nhs_pipeline_dag.py
[2026-04-05T21:46:08.490+0000] {logging_mixin.py:188} INFO - [2026-04-05T21:46:08.490+0000] {dag.py:3096} INFO - Sync 1 DAGs
[2026-04-05T21:46:08.517+0000] {logging_mixin.py:188} INFO - [2026-04-05T21:46:08.516+0000] {dag.py:3954} INFO - Setting next_dagrun for nhs_waitinglist_pipeline to 2026-04-01 06:00:00+00:00, run_after=2026-05-01 06:00:00+00:00
[2026-04-05T21:46:08.538+0000] {processor.py:183} INFO - Processing /opt/airflow/dags/nhs_pipeline_dag.py took 0.179 seconds
[2026-04-05T21:46:38.860+0000] {processor.py:161} INFO - Started process (PID=265) to work on /opt/airflow/dags/nhs_pipeline_dag.py
[2026-04-05T21:46:38.861+0000] {processor.py:830} INFO - Processing file /opt/airflow/dags/nhs_pipeline_dag.py for tasks to queue
[2026-04-05T21:46:38.863+0000] {logging_mixin.py:188} INFO - [2026-04-05T21:46:38.863+0000] {dagbag.py:545} INFO - Filling up the DagBag from /opt/airflow/dags/nhs_pipeline_dag.py
[2026-04-05T21:46:38.889+0000] {processor.py:840} INFO - DAG(s) 'nhs_waitinglist_pipeline' retrieved from /opt/airflow/dags/nhs_pipeline_dag.py
[2026-04-05T21:46:38.941+0000] {logging_mixin.py:188} INFO - [2026-04-05T21:46:38.941+0000] {dag.py:3096} INFO - Sync 1 DAGs
[2026-04-05T21:46:38.959+0000] {logging_mixin.py:188} INFO - [2026-04-05T21:46:38.959+0000] {dag.py:3954} INFO - Setting next_dagrun for nhs_waitinglist_pipeline to 2026-04-01 06:00:00+00:00, run_after=2026-05-01 06:00:00+00:00
[2026-04-05T21:46:38.980+0000] {processor.py:183} INFO - Processing /opt/airflow/dags/nhs_pipeline_dag.py took 0.129 seconds
[2026-04-05T21:47:09.761+0000] {processor.py:161} INFO - Started process (PID=273) to work on /opt/airflow/dags/nhs_pipeline_dag.py
[2026-04-05T21:47:09.766+0000] {processor.py:830} INFO - Processing file /opt/airflow/dags/nhs_pipeline_dag.py for tasks to queue
[2026-04-05T21:47:09.774+0000] {logging_mixin.py:188} INFO - [2026-04-05T21:47:09.773+0000] {dagbag.py:545} INFO - Filling up the DagBag from /opt/airflow/dags/nhs_pipeline_dag.py
[2026-04-05T21:47:09.856+0000] {processor.py:840} INFO - DAG(s) 'nhs_waitinglist_pipeline' retrieved from /opt/airflow/dags/nhs_pipeline_dag.py
[2026-04-05T21:47:09.904+0000] {logging_mixin.py:188} INFO - [2026-04-05T21:47:09.903+0000] {dag.py:3096} INFO - Sync 1 DAGs
[2026-04-05T21:47:09.925+0000] {logging_mixin.py:188} INFO - [2026-04-05T21:47:09.925+0000] {dag.py:3954} INFO - Setting next_dagrun for nhs_waitinglist_pipeline to 2026-04-01 06:00:00+00:00, run_after=2026-05-01 06:00:00+00:00
[2026-04-05T21:47:09.947+0000] {processor.py:183} INFO - Processing /opt/airflow/dags/nhs_pipeline_dag.py took 0.203 seconds
[2026-04-05T21:47:40.421+0000] {processor.py:161} INFO - Started process (PID=278) to work on /opt/airflow/dags/nhs_pipeline_dag.py
[2026-04-05T21:47:40.424+0000] {processor.py:830} INFO - Processing file /opt/airflow/dags/nhs_pipeline_dag.py for tasks to queue
[2026-04-05T21:47:40.431+0000] {logging_mixin.py:188} INFO - [2026-04-05T21:47:40.430+0000] {dagbag.py:545} INFO - Filling up the DagBag from /opt/airflow/dags/nhs_pipeline_dag.py
[2026-04-05T21:47:40.490+0000] {processor.py:840} INFO - DAG(s) 'nhs_waitinglist_pipeline' retrieved from /opt/airflow/dags/nhs_pipeline_dag.py
[2026-04-05T21:47:40.673+0000] {logging_mixin.py:188} INFO - [2026-04-05T21:47:40.672+0000] {dag.py:3096} INFO - Sync 1 DAGs
[2026-04-05T21:47:40.843+0000] {logging_mixin.py:188} INFO - [2026-04-05T21:47:40.841+0000] {dag.py:3954} INFO - Setting next_dagrun for nhs_waitinglist_pipeline to 2026-04-01 06:00:00+00:00, run_after=2026-05-01 06:00:00+00:00
[2026-04-05T21:47:40.941+0000] {processor.py:183} INFO - Processing /opt/airflow/dags/nhs_pipeline_dag.py took 0.537 seconds
[2026-04-05T21:48:11.605+0000] {processor.py:161} INFO - Started process (PID=283) to work on /opt/airflow/dags/nhs_pipeline_dag.py
[2026-04-05T21:48:11.606+0000] {processor.py:830} INFO - Processing file /opt/airflow/dags/nhs_pipeline_dag.py for tasks to queue
[2026-04-05T21:48:11.608+0000] {logging_mixin.py:188} INFO - [2026-04-05T21:48:11.608+0000] {dagbag.py:545} INFO - Filling up the DagBag from /opt/airflow/dags/nhs_pipeline_dag.py
[2026-04-05T21:48:11.637+0000] {processor.py:840} INFO - DAG(s) 'nhs_waitinglist_pipeline' retrieved from /opt/airflow/dags/nhs_pipeline_dag.py
[2026-04-05T21:48:11.686+0000] {logging_mixin.py:188} INFO - [2026-04-05T21:48:11.686+0000] {dag.py:3096} INFO - Sync 1 DAGs
[2026-04-05T21:48:11.705+0000] {logging_mixin.py:188} INFO - [2026-04-05T21:48:11.705+0000] {dag.py:3954} INFO - Setting next_dagrun for nhs_waitinglist_pipeline to 2026-04-01 06:00:00+00:00, run_after=2026-05-01 06:00:00+00:00
[2026-04-05T21:48:11.715+0000] {processor.py:183} INFO - Processing /opt/airflow/dags/nhs_pipeline_dag.py took 0.129 seconds
