[2026-04-05T21:41:55.952+0000] {local_task_job_runner.py:120} INFO - ::group::Pre task execution logs
[2026-04-05T21:41:55.983+0000] {taskinstance.py:2076} INFO - Dependencies all met for dep_context=non-requeueable deps ti=<TaskInstance: nhs_waitinglist_pipeline.extract manual__2026-04-05T21:41:55.158862+00:00 [queued]>
[2026-04-05T21:41:55.988+0000] {taskinstance.py:2076} INFO - Dependencies all met for dep_context=requeueable deps ti=<TaskInstance: nhs_waitinglist_pipeline.extract manual__2026-04-05T21:41:55.158862+00:00 [queued]>
[2026-04-05T21:41:55.988+0000] {taskinstance.py:2306} INFO - Starting attempt 1 of 2
[2026-04-05T21:41:55.994+0000] {taskinstance.py:2330} INFO - Executing <Task(BashOperator): extract> on 2026-04-05 21:41:55.158862+00:00
[2026-04-05T21:41:56.006+0000] {logging_mixin.py:188} WARNING - /home/***/.local/lib/python3.12/site-packages/***/task/task_runner/standard_task_runner.py:61 DeprecationWarning: This process (pid=208) is multi-threaded, use of fork() may lead to deadlocks in the child.
[2026-04-05T21:41:56.004+0000] {standard_task_runner.py:90} INFO - Running: ['***', 'tasks', 'run', 'nhs_waitinglist_pipeline', 'extract', 'manual__2026-04-05T21:41:55.158862+00:00', '--job-id', '5', '--raw', '--subdir', 'DAGS_FOLDER/nhs_pipeline_dag.py', '--cfg-path', '/tmp/tmpwkh9_bjg']
[2026-04-05T21:41:56.007+0000] {standard_task_runner.py:63} INFO - Started process 209 to run task
[2026-04-05T21:41:56.007+0000] {standard_task_runner.py:91} INFO - Job 5: Subtask extract
[2026-04-05T21:41:56.044+0000] {task_command.py:426} INFO - Running <TaskInstance: nhs_waitinglist_pipeline.extract manual__2026-04-05T21:41:55.158862+00:00 [running]> on host be5519856e31
[2026-04-05T21:41:56.110+0000] {taskinstance.py:2648} INFO - Exporting env vars: AIRFLOW_CTX_DAG_OWNER='daud' AIRFLOW_CTX_DAG_ID='nhs_waitinglist_pipeline' AIRFLOW_CTX_TASK_ID='extract' AIRFLOW_CTX_EXECUTION_DATE='2026-04-05T21:41:55.158862+00:00' AIRFLOW_CTX_TRY_NUMBER='1' AIRFLOW_CTX_DAG_RUN_ID='manual__2026-04-05T21:41:55.158862+00:00'
[2026-04-05T21:41:56.110+0000] {taskinstance.py:430} INFO - ::endgroup::
[2026-04-05T21:41:56.130+0000] {subprocess.py:63} INFO - Tmp dir root location: /tmp
[2026-04-05T21:41:56.131+0000] {subprocess.py:75} INFO - Running command: ['/usr/bin/bash', '-c', 'cd /opt/***/project && python3 etl/extract/extract.py']
[2026-04-05T21:41:56.136+0000] {subprocess.py:86} INFO - Output:
[2026-04-05T21:41:56.506+0000] {subprocess.py:93} INFO - Fetching CSV links from NHS England...
[2026-04-05T21:41:56.510+0000] {subprocess.py:93} INFO - Traceback (most recent call last):
[2026-04-05T21:41:56.513+0000] {subprocess.py:93} INFO -   File "/opt/***/project/etl/extract/extract.py", line 63, in <module>
[2026-04-05T21:41:56.514+0000] {subprocess.py:93} INFO -     run()
[2026-04-05T21:41:56.515+0000] {subprocess.py:93} INFO -   File "/opt/***/project/etl/extract/extract.py", line 49, in run
[2026-04-05T21:41:56.516+0000] {subprocess.py:93} INFO -     links = get_csv_links(NHS_AE_URL)
[2026-04-05T21:41:56.516+0000] {subprocess.py:93} INFO -                           ^^^^^^^^^^
[2026-04-05T21:41:56.517+0000] {subprocess.py:93} INFO - NameError: name 'NHS_AE_URL' is not defined. Did you mean: 'NHS_AE_URLS'?
[2026-04-05T21:41:56.519+0000] {subprocess.py:97} INFO - Command exited with return code 1
[2026-04-05T21:41:56.520+0000] {taskinstance.py:441} INFO - ::group::Post task execution logs
[2026-04-05T21:41:56.528+0000] {taskinstance.py:2905} ERROR - Task failed with exception
Traceback (most recent call last):
  File "/home/airflow/.local/lib/python3.12/site-packages/airflow/models/taskinstance.py", line 465, in _execute_task
    result = _execute_callable(context=context, **execute_callable_kwargs)
             ^^^^^^^^^^^^^^^^^^^^^^^^^^^^^^^^^^^^^^^^^^^^^^^^^^^^^^^^^^^^^
  File "/home/airflow/.local/lib/python3.12/site-packages/airflow/models/taskinstance.py", line 432, in _execute_callable
    return execute_callable(context=context, **execute_callable_kwargs)
           ^^^^^^^^^^^^^^^^^^^^^^^^^^^^^^^^^^^^^^^^^^^^^^^^^^^^^^^^^^^^
  File "/home/airflow/.local/lib/python3.12/site-packages/airflow/models/baseoperator.py", line 400, in wrapper
    return func(self, *args, **kwargs)
           ^^^^^^^^^^^^^^^^^^^^^^^^^^^
  File "/home/airflow/.local/lib/python3.12/site-packages/airflow/operators/bash.py", line 243, in execute
    raise AirflowException(
airflow.exceptions.AirflowException: Bash command failed. The command returned a non-zero exit code 1.
[2026-04-05T21:41:56.531+0000] {taskinstance.py:1206} INFO - Marking task as UP_FOR_RETRY. dag_id=nhs_waitinglist_pipeline, task_id=extract, run_id=manual__2026-04-05T21:41:55.158862+00:00, execution_date=20260405T214155, start_date=20260405T214155, end_date=20260405T214156
[2026-04-05T21:41:56.536+0000] {standard_task_runner.py:110} ERROR - Failed to execute job 5 for task extract (Bash command failed. The command returned a non-zero exit code 1.; 209)
[2026-04-05T21:41:56.563+0000] {local_task_job_runner.py:240} INFO - Task exited with return code 1
[2026-04-05T21:41:56.573+0000] {taskinstance.py:3498} INFO - 0 downstream tasks scheduled from follow-on schedule check
[2026-04-05T21:41:56.574+0000] {local_task_job_runner.py:222} INFO - ::endgroup::
